#-----------------------------------------------------------
# Vivado v2017.4 (64-bit)
# SW Build 2086221 on Fri Dec 15 20:55:39 MST 2017
# IP Build 2085800 on Fri Dec 15 22:25:07 MST 2017
# Start of session at: Tue Jul 16 12:36:13 2024
# Process ID: 17284
# Current directory: C:/Users/anura/SISO_Shift_Registor
# Command line: vivado.exe -gui_launcher_event rodinguilauncherevent6616 C:\Users\anura\SISO_Shift_Registor\SISO_Shift_Registor.xpr
# Log file: C:/Users/anura/SISO_Shift_Registor/vivado.log
# Journal file: C:/Users/anura/SISO_Shift_Registor\vivado.jou
#-----------------------------------------------------------
start_gui
open_project C:/Users/anura/SISO_Shift_Registor/SISO_Shift_Registor.xpr
Scanning sources...
Finished scanning sources
INFO: [IP_Flow 19-234] Refreshing IP repositories
INFO: [IP_Flow 19-1704] No user IP repositories specified
INFO: [IP_Flow 19-2313] Loaded Vivado IP repository 'D:/Xilinx/Vivado/2017.4/data/ip'.
update_compile_order -fileset sources_1
exit
INFO: [Common 17-206] Exiting Vivado at Tue Jul 16 12:36:45 2024...
