Vivado Simulator 2017.4
Time resolution is 1 ps
clk=0,d = 0,v=x
clk=1,d = 0,v=0
clk=0,d = 1,v=0
clk=1,d = 1,v=0
clk=0,d = 0,v=0
clk=1,d = 0,v=0
clk=0,d = 1,v=0
clk=1,d = 1,v=0
clk=0,d = 0,v=0
clk=1,d = 0,v=0
clk=0,d = 1,v=0
clk=1,d = 1,v=0
clk=0,d = 0,v=0
clk=1,d = 0,v=0
clk=0,d = 1,v=0
clk=1,d = 1,v=0
clk=0,d = 0,v=0
clk=1,d = 0,v=1
clk=0,d = 1,v=1
clk=1,d = 1,v=0
clk=0,d = 0,v=0
clk=1,d = 0,v=1
clk=0,d = 1,v=1
clk=1,d = 1,v=0
clk=0,d = 0,v=0
clk=1,d = 0,v=1
clk=0,d = 1,v=1
clk=1,d = 1,v=0
clk=0,d = 0,v=0
clk=1,d = 0,v=1
clk=0,d = 1,v=1
clk=1,d = 1,v=0
clk=0,d = 0,v=0
clk=1,d = 0,v=1
clk=0,d = 1,v=1
clk=1,d = 1,v=0
clk=0,d = 0,v=0
clk=1,d = 0,v=1
clk=0,d = 1,v=1
clk=1,d = 1,v=0
clk=0,d = 0,v=0
clk=1,d = 0,v=1
clk=0,d = 1,v=1
clk=1,d = 1,v=0
clk=0,d = 0,v=0
clk=1,d = 0,v=1
clk=0,d = 1,v=1
clk=1,d = 1,v=0
clk=0,d = 0,v=0
clk=1,d = 0,v=1
clk=0,d = 1,v=1
clk=1,d = 1,v=0
clk=0,d = 0,v=0
clk=1,d = 0,v=1
clk=0,d = 1,v=1
clk=1,d = 1,v=0
clk=0,d = 0,v=0
clk=1,d = 0,v=1
clk=0,d = 1,v=1
clk=1,d = 1,v=0
clk=0,d = 0,v=0
clk=1,d = 0,v=1
clk=0,d = 1,v=1
clk=1,d = 1,v=0
clk=0,d = 0,v=0
clk=1,d = 0,v=1
clk=0,d = 1,v=1
clk=1,d = 1,v=0
clk=0,d = 0,v=0
clk=1,d = 0,v=1
clk=0,d = 1,v=1
clk=1,d = 1,v=0
clk=0,d = 0,v=0
clk=1,d = 0,v=1
clk=0,d = 1,v=1
clk=1,d = 1,v=0
clk=0,d = 0,v=0
clk=1,d = 0,v=1
clk=0,d = 1,v=1
clk=1,d = 1,v=0
clk=0,d = 0,v=0
clk=1,d = 0,v=1
clk=0,d = 1,v=1
clk=1,d = 1,v=0
clk=0,d = 0,v=0
clk=1,d = 0,v=1
clk=0,d = 1,v=1
clk=1,d = 1,v=0
clk=0,d = 0,v=0
clk=1,d = 0,v=1
clk=0,d = 1,v=1
clk=1,d = 1,v=0
clk=0,d = 0,v=0
clk=1,d = 0,v=1
clk=0,d = 1,v=1
clk=1,d = 1,v=0
clk=0,d = 0,v=0
clk=1,d = 0,v=1
clk=0,d = 1,v=1
clk=1,d = 1,v=0
$finish called at time : 100 ns : File "C:/Users/anura/SISO_Shift_Registor/SISO_Shift_Registor.srcs/sim_1/new/tb.v" Line 35
